2023-06-25 11:17:58,798 - DEBUG - Submitting 2 jobs...
2023-06-25 11:18:04,205 - DEBUG - Submitting Job 0: {'job_id': 0, 'workload_type': 'cpu_sleep', 'image': 'gcr.io/sky-burst/skyburst:latest', 'spill_to_cloud': False, 'resources': {'cpu': 1, 'gpu': 0}, 'submit_time': 5, 'job_duration': 2.7120683102399417, 'kube_yaml': {'apiVersion': 'batch/v1', 'kind': 'Job', 'metadata': {'name': 'job-0', 'label': {'track': 'sleep'}}, 'spec': {'backoffLimit': 1, 'template': {'spec': {'restartPolicy': 'Never', 'volumes': [{'name': 'dshm', 'emptyDir': {'medium': 'Memory'}}], 'schedulerName': 'chakra', 'containers': [{'name': 'sleep', 'image': 'gcr.io/sky-burst/skyburst:latest', 'volumeMounts': [{'name': 'dshm', 'mountPath': '/dev/shm'}], 'command': ['/bin/sh', '-c'], 'args': ['echo "||" && sleep 2.7120683102399417\n'], 'resources': {'limits': {'cpu': 1}, 'requests': {'cpu': 1}}}]}}}}} at Time 1687691884.1931791.
2023-06-25 11:18:09,210 - DEBUG - Submitting Job 1: {'job_id': 1, 'workload_type': 'cpu_sleep', 'image': 'gcr.io/sky-burst/skyburst:latest', 'spill_to_cloud': False, 'resources': {'cpu': 1, 'gpu': 0}, 'submit_time': 10, 'job_duration': 33.74045299745098, 'kube_yaml': {'apiVersion': 'batch/v1', 'kind': 'Job', 'metadata': {'name': 'job-1', 'label': {'track': 'sleep'}}, 'spec': {'backoffLimit': 1, 'template': {'spec': {'restartPolicy': 'Never', 'volumes': [{'name': 'dshm', 'emptyDir': {'medium': 'Memory'}}], 'schedulerName': 'chakra', 'containers': [{'name': 'sleep', 'image': 'gcr.io/sky-burst/skyburst:latest', 'volumeMounts': [{'name': 'dshm', 'mountPath': '/dev/shm'}], 'command': ['/bin/sh', '-c'], 'args': ['echo "||" && sleep 33.74045299745098\n'], 'resources': {'limits': {'cpu': 1}, 'requests': {'cpu': 1}}}]}}}}} at Time 1687691889.198801.
2023-06-25 11:18:09,210 - DEBUG - Waiting for 2 jobs to complete...
2023-06-25 11:18:09,235 - DEBUG - Submitted Jobs State: {0: False, 1: False}
2023-06-25 11:18:10,257 - DEBUG - Submitted Jobs State: {0: False, 1: False}
2023-06-25 11:18:11,280 - DEBUG - Submitted Jobs State: {0: False, 1: False}
2023-06-25 11:18:12,304 - DEBUG - Submitted Jobs State: {0: False, 1: False}
2023-06-25 11:18:13,329 - DEBUG - Submitted Jobs State: {0: True, 1: False}
2023-06-25 11:18:14,352 - DEBUG - Submitted Jobs State: {0: True, 1: False}
2023-06-25 11:18:15,376 - DEBUG - Submitted Jobs State: {0: True, 1: False}
2023-06-25 11:18:16,400 - DEBUG - Submitted Jobs State: {0: True, 1: False}
2023-06-25 11:18:17,424 - DEBUG - Submitted Jobs State: {0: True, 1: False}
2023-06-25 11:18:18,447 - DEBUG - Submitted Jobs State: {0: True, 1: False}
2023-06-25 11:18:19,472 - DEBUG - Submitted Jobs State: {0: True, 1: False}
2023-06-25 11:18:20,499 - DEBUG - Submitted Jobs State: {0: True, 1: False}
2023-06-25 11:18:21,523 - DEBUG - Submitted Jobs State: {0: True, 1: False}
2023-06-25 11:18:22,548 - DEBUG - Submitted Jobs State: {0: True, 1: False}
2023-06-25 11:18:23,573 - DEBUG - Submitted Jobs State: {0: True, 1: False}
2023-06-25 11:18:24,597 - DEBUG - Submitted Jobs State: {0: True, 1: False}
2023-06-25 11:18:25,622 - DEBUG - Submitted Jobs State: {0: True, 1: False}
2023-06-25 11:18:26,646 - DEBUG - Submitted Jobs State: {0: True, 1: False}
2023-06-25 11:18:27,672 - DEBUG - Submitted Jobs State: {0: True, 1: False}
2023-06-25 11:18:28,697 - DEBUG - Submitted Jobs State: {0: True, 1: False}
2023-06-25 11:18:29,722 - DEBUG - Submitted Jobs State: {0: True, 1: False}
2023-06-25 11:18:30,747 - DEBUG - Submitted Jobs State: {0: True, 1: False}
2023-06-25 11:18:31,772 - DEBUG - Submitted Jobs State: {0: True, 1: False}
2023-06-25 11:18:32,797 - DEBUG - Submitted Jobs State: {0: True, 1: False}
2023-06-25 11:18:33,823 - DEBUG - Submitted Jobs State: {0: True, 1: False}
2023-06-25 11:18:34,848 - DEBUG - Submitted Jobs State: {0: True, 1: False}
2023-06-25 11:18:35,873 - DEBUG - Submitted Jobs State: {0: True, 1: False}
2023-06-25 11:18:36,896 - DEBUG - Submitted Jobs State: {0: True, 1: False}
2023-06-25 11:18:37,920 - DEBUG - Submitted Jobs State: {0: True, 1: False}
2023-06-25 11:18:38,944 - DEBUG - Submitted Jobs State: {0: True, 1: False}
2023-06-25 11:18:40,009 - DEBUG - Submitted Jobs State: {0: True, 1: False}
2023-06-25 11:18:41,033 - DEBUG - Submitted Jobs State: {0: True, 1: False}
2023-06-25 11:18:42,058 - DEBUG - Submitted Jobs State: {0: True, 1: False}
2023-06-25 11:18:43,082 - DEBUG - Submitted Jobs State: {0: True, 1: False}
2023-06-25 11:18:44,106 - DEBUG - Submitted Jobs State: {0: True, 1: False}
2023-06-25 11:18:45,129 - DEBUG - Submitted Jobs State: {0: True, 1: False}
2023-06-25 11:18:46,153 - DEBUG - Submitted Jobs State: {0: True, 1: False}
2023-06-25 11:18:47,178 - DEBUG - Submitted Jobs State: {0: True, 1: False}
2023-06-25 11:18:48,203 - DEBUG - Submitted Jobs State: {0: True, 1: False}
2023-06-25 11:18:49,227 - DEBUG - Submitted Jobs State: {0: True, 1: False}
2023-06-25 11:18:50,252 - DEBUG - Submitted Jobs State: {0: True, 1: True}
